0 info it worked if it ends with ok
1 verbose cli [ 'C:\\Program Files (x86)\\nodejs\\\\node.exe',
1 verbose cli   'C:\\Program Files (x86)\\nodejs\\node_modules\\npm\\bin\\npm-cli.js',
1 verbose cli   'install' ]
2 info using npm@1.4.28
3 info using node@v0.10.36
4 verbose node symlink C:\Program Files (x86)\nodejs\\node.exe
5 verbose readDependencies using package.json deps
6 verbose install where, deps [ 'F:\\john\\pcea',
6 verbose install   [ 'express', 'body-parser', 'cookie-parser', 'jade', 'mongoose' ] ]
7 info preinstall PCEA_nakuruwest_parish@0.0.1
8 verbose readDependencies using package.json deps
9 verbose cache add [ 'express@4.*', null ]
10 verbose cache add name=undefined spec="express@4.*" args=["express@4.*",null]
11 verbose parsed url { protocol: null,
11 verbose parsed url   slashes: null,
11 verbose parsed url   auth: null,
11 verbose parsed url   host: null,
11 verbose parsed url   port: null,
11 verbose parsed url   hostname: null,
11 verbose parsed url   hash: null,
11 verbose parsed url   search: null,
11 verbose parsed url   query: null,
11 verbose parsed url   pathname: 'express@4.*',
11 verbose parsed url   path: 'express@4.*',
11 verbose parsed url   href: 'express@4.*' }
12 verbose cache add [ 'body-parser@1.*', null ]
13 verbose cache add name=undefined spec="body-parser@1.*" args=["body-parser@1.*",null]
14 verbose parsed url { protocol: null,
14 verbose parsed url   slashes: null,
14 verbose parsed url   auth: null,
14 verbose parsed url   host: null,
14 verbose parsed url   port: null,
14 verbose parsed url   hostname: null,
14 verbose parsed url   hash: null,
14 verbose parsed url   search: null,
14 verbose parsed url   query: null,
14 verbose parsed url   pathname: 'body-parser@1.*',
14 verbose parsed url   path: 'body-parser@1.*',
14 verbose parsed url   href: 'body-parser@1.*' }
15 verbose cache add [ 'cookie-parser@1.*', null ]
16 verbose cache add name=undefined spec="cookie-parser@1.*" args=["cookie-parser@1.*",null]
17 verbose parsed url { protocol: null,
17 verbose parsed url   slashes: null,
17 verbose parsed url   auth: null,
17 verbose parsed url   host: null,
17 verbose parsed url   port: null,
17 verbose parsed url   hostname: null,
17 verbose parsed url   hash: null,
17 verbose parsed url   search: null,
17 verbose parsed url   query: null,
17 verbose parsed url   pathname: 'cookie-parser@1.*',
17 verbose parsed url   path: 'cookie-parser@1.*',
17 verbose parsed url   href: 'cookie-parser@1.*' }
18 verbose cache add [ 'jade@*', null ]
19 verbose cache add name=undefined spec="jade@*" args=["jade@*",null]
20 verbose parsed url { protocol: null,
20 verbose parsed url   slashes: null,
20 verbose parsed url   auth: null,
20 verbose parsed url   host: null,
20 verbose parsed url   port: null,
20 verbose parsed url   hostname: null,
20 verbose parsed url   hash: null,
20 verbose parsed url   search: null,
20 verbose parsed url   query: null,
20 verbose parsed url   pathname: 'jade@*',
20 verbose parsed url   path: 'jade@*',
20 verbose parsed url   href: 'jade@*' }
21 verbose cache add [ 'mongoose@3.8.*', null ]
22 verbose cache add name=undefined spec="mongoose@3.8.*" args=["mongoose@3.8.*",null]
23 verbose parsed url { protocol: null,
23 verbose parsed url   slashes: null,
23 verbose parsed url   auth: null,
23 verbose parsed url   host: null,
23 verbose parsed url   port: null,
23 verbose parsed url   hostname: null,
23 verbose parsed url   hash: null,
23 verbose parsed url   search: null,
23 verbose parsed url   query: null,
23 verbose parsed url   pathname: 'mongoose@3.8.*',
23 verbose parsed url   path: 'mongoose@3.8.*',
23 verbose parsed url   href: 'mongoose@3.8.*' }
24 verbose cache add name="express" spec="4.*" args=["express","4.*"]
25 verbose parsed url { protocol: null,
25 verbose parsed url   slashes: null,
25 verbose parsed url   auth: null,
25 verbose parsed url   host: null,
25 verbose parsed url   port: null,
25 verbose parsed url   hostname: null,
25 verbose parsed url   hash: null,
25 verbose parsed url   search: null,
25 verbose parsed url   query: null,
25 verbose parsed url   pathname: '4.*',
25 verbose parsed url   path: '4.*',
25 verbose parsed url   href: '4.*' }
26 verbose addNamed [ 'express', '4.*' ]
27 verbose addNamed [ null, '>=4.0.0-0 <5.0.0-0' ]
28 verbose cache add name="body-parser" spec="1.*" args=["body-parser","1.*"]
29 verbose parsed url { protocol: null,
29 verbose parsed url   slashes: null,
29 verbose parsed url   auth: null,
29 verbose parsed url   host: null,
29 verbose parsed url   port: null,
29 verbose parsed url   hostname: null,
29 verbose parsed url   hash: null,
29 verbose parsed url   search: null,
29 verbose parsed url   query: null,
29 verbose parsed url   pathname: '1.*',
29 verbose parsed url   path: '1.*',
29 verbose parsed url   href: '1.*' }
30 verbose addNamed [ 'body-parser', '1.*' ]
31 verbose addNamed [ null, '>=1.0.0-0 <2.0.0-0' ]
32 verbose cache add name="cookie-parser" spec="1.*" args=["cookie-parser","1.*"]
33 verbose parsed url { protocol: null,
33 verbose parsed url   slashes: null,
33 verbose parsed url   auth: null,
33 verbose parsed url   host: null,
33 verbose parsed url   port: null,
33 verbose parsed url   hostname: null,
33 verbose parsed url   hash: null,
33 verbose parsed url   search: null,
33 verbose parsed url   query: null,
33 verbose parsed url   pathname: '1.*',
33 verbose parsed url   path: '1.*',
33 verbose parsed url   href: '1.*' }
34 verbose addNamed [ 'cookie-parser', '1.*' ]
35 verbose addNamed [ null, '>=1.0.0-0 <2.0.0-0' ]
36 verbose cache add name="jade" spec="*" args=["jade","*"]
37 verbose parsed url { protocol: null,
37 verbose parsed url   slashes: null,
37 verbose parsed url   auth: null,
37 verbose parsed url   host: null,
37 verbose parsed url   port: null,
37 verbose parsed url   hostname: null,
37 verbose parsed url   hash: null,
37 verbose parsed url   search: null,
37 verbose parsed url   query: null,
37 verbose parsed url   pathname: '*',
37 verbose parsed url   path: '*',
37 verbose parsed url   href: '*' }
38 verbose addNamed [ 'jade', '*' ]
39 verbose addNamed [ null, '*' ]
40 verbose cache add name="mongoose" spec="3.8.*" args=["mongoose","3.8.*"]
41 verbose parsed url { protocol: null,
41 verbose parsed url   slashes: null,
41 verbose parsed url   auth: null,
41 verbose parsed url   host: null,
41 verbose parsed url   port: null,
41 verbose parsed url   hostname: null,
41 verbose parsed url   hash: null,
41 verbose parsed url   search: null,
41 verbose parsed url   query: null,
41 verbose parsed url   pathname: '3.8.*',
41 verbose parsed url   path: '3.8.*',
41 verbose parsed url   href: '3.8.*' }
42 verbose addNamed [ 'mongoose', '3.8.*' ]
43 verbose addNamed [ null, '>=3.8.0-0 <3.9.0-0' ]
44 silly lockFile 71c8ea72-express-4 express@4.*
45 verbose lock express@4.* C:\Users\swachanga\AppData\Roaming\npm-cache\71c8ea72-express-4.lock
46 silly lockFile fd476217-body-parser-1 body-parser@1.*
47 verbose lock body-parser@1.* C:\Users\swachanga\AppData\Roaming\npm-cache\fd476217-body-parser-1.lock
48 silly lockFile e75c36e4-cookie-parser-1 cookie-parser@1.*
49 verbose lock cookie-parser@1.* C:\Users\swachanga\AppData\Roaming\npm-cache\e75c36e4-cookie-parser-1.lock
50 silly lockFile ad03ed78-jade jade@*
51 verbose lock jade@* C:\Users\swachanga\AppData\Roaming\npm-cache\ad03ed78-jade.lock
52 silly lockFile 104f11f4-mongoose-3-8 mongoose@3.8.*
53 verbose lock mongoose@3.8.* C:\Users\swachanga\AppData\Roaming\npm-cache\104f11f4-mongoose-3-8.lock
54 silly addNameRange { name: 'body-parser',
54 silly addNameRange   range: '>=1.0.0-0 <2.0.0-0',
54 silly addNameRange   hasData: false }
55 silly addNameRange { name: 'express', range: '>=4.0.0-0 <5.0.0-0', hasData: false }
56 silly addNameRange { name: 'cookie-parser',
56 silly addNameRange   range: '>=1.0.0-0 <2.0.0-0',
56 silly addNameRange   hasData: false }
57 verbose request where is /body-parser
58 verbose request registry https://registry.npmjs.org/
59 verbose request id eebaa81d36168a22
60 verbose url raw /body-parser
61 verbose url resolving [ 'https://registry.npmjs.org/', './body-parser' ]
62 verbose url resolved https://registry.npmjs.org/body-parser
63 verbose request where is https://registry.npmjs.org/body-parser
64 info trying registry request attempt 1 at 11:48:28
65 http GET https://registry.npmjs.org/body-parser
66 verbose request where is /express
67 verbose request registry https://registry.npmjs.org/
68 verbose url raw /express
69 verbose url resolving [ 'https://registry.npmjs.org/', './express' ]
70 verbose url resolved https://registry.npmjs.org/express
71 verbose request where is https://registry.npmjs.org/express
72 info trying registry request attempt 1 at 11:48:28
73 http GET https://registry.npmjs.org/express
74 verbose request where is /cookie-parser
75 verbose request registry https://registry.npmjs.org/
76 verbose url raw /cookie-parser
77 verbose url resolving [ 'https://registry.npmjs.org/', './cookie-parser' ]
78 verbose url resolved https://registry.npmjs.org/cookie-parser
79 verbose request where is https://registry.npmjs.org/cookie-parser
80 info trying registry request attempt 1 at 11:48:28
81 http GET https://registry.npmjs.org/cookie-parser
82 silly addNameRange { name: 'mongoose', range: '>=3.8.0-0 <3.9.0-0', hasData: false }
83 info retry will retry, error on last attempt: Error: getaddrinfo ENOTFOUND
84 info retry will retry, error on last attempt: Error: getaddrinfo ENOTFOUND
85 info retry will retry, error on last attempt: Error: getaddrinfo ENOTFOUND
86 verbose request where is /mongoose
87 verbose request registry https://registry.npmjs.org/
88 verbose url raw /mongoose
89 verbose url resolving [ 'https://registry.npmjs.org/', './mongoose' ]
90 verbose url resolved https://registry.npmjs.org/mongoose
91 verbose request where is https://registry.npmjs.org/mongoose
92 info trying registry request attempt 1 at 11:48:28
93 http GET https://registry.npmjs.org/mongoose
94 info retry will retry, error on last attempt: Error: getaddrinfo ENOTFOUND
95 info trying registry request attempt 2 at 11:48:38
96 http GET https://registry.npmjs.org/body-parser
97 info trying registry request attempt 2 at 11:48:38
98 http GET https://registry.npmjs.org/express
99 info trying registry request attempt 2 at 11:48:38
100 http GET https://registry.npmjs.org/cookie-parser
101 info trying registry request attempt 2 at 11:48:38
102 http GET https://registry.npmjs.org/mongoose
103 http 200 https://registry.npmjs.org/cookie-parser
104 silly registry.get cb [ 200,
104 silly registry.get   { server: 'CouchDB/1.5.0 (Erlang OTP/R16B03)',
104 silly registry.get     etag: '"99S52JRVBJX8G78DDLIN1SMST"',
104 silly registry.get     'content-type': 'application/json',
104 silly registry.get     'cache-control': 'max-age=60',
104 silly registry.get     'content-length': '15653',
104 silly registry.get     'accept-ranges': 'bytes',
104 silly registry.get     date: 'Tue, 19 May 2015 08:48:41 GMT',
104 silly registry.get     via: '1.1 varnish',
104 silly registry.get     age: '0',
104 silly registry.get     connection: 'keep-alive',
104 silly registry.get     'x-served-by': 'cache-sn87-SIN',
104 silly registry.get     'x-cache': 'HIT',
104 silly registry.get     'x-cache-hits': '1',
104 silly registry.get     'x-timer': 'S1432025320.738219,VS0,VE263',
104 silly registry.get     vary: 'Accept' } ]
105 silly addNameRange number 2 { name: 'cookie-parser',
105 silly addNameRange   range: '>=1.0.0-0 <2.0.0-0',
105 silly addNameRange   hasData: true }
106 silly addNameRange versions [ 'cookie-parser',
106 silly addNameRange   [ '1.0.0',
106 silly addNameRange     '1.0.1',
106 silly addNameRange     '1.1.0',
106 silly addNameRange     '1.2.0',
106 silly addNameRange     '1.3.0',
106 silly addNameRange     '1.3.1',
106 silly addNameRange     '1.3.2',
106 silly addNameRange     '1.3.3',
106 silly addNameRange     '1.3.4' ] ]
107 verbose addNamed [ 'cookie-parser', '1.3.4' ]
108 verbose addNamed [ '1.3.4', '1.3.4' ]
109 silly lockFile db8a9715-cookie-parser-1-3-4 cookie-parser@1.3.4
110 verbose lock cookie-parser@1.3.4 C:\Users\swachanga\AppData\Roaming\npm-cache\db8a9715-cookie-parser-1-3-4.lock
111 silly lockFile 41263ec8-e-parser-cookie-parser-1-3-4-tgz https://registry.npmjs.org/cookie-parser/-/cookie-parser-1.3.4.tgz
112 verbose lock https://registry.npmjs.org/cookie-parser/-/cookie-parser-1.3.4.tgz C:\Users\swachanga\AppData\Roaming\npm-cache\41263ec8-e-parser-cookie-parser-1-3-4-tgz.lock
113 verbose addRemoteTarball [ 'https://registry.npmjs.org/cookie-parser/-/cookie-parser-1.3.4.tgz',
113 verbose addRemoteTarball   '193035a5be97117a21709b3aa737f6132717bda6' ]
114 info retry fetch attempt 1 at 11:48:41
115 verbose fetch to= C:\Users\SWACHA~1\AppData\Local\Temp\npm-6280-UuuiirzH\registry.npmjs.org\cookie-parser\-\cookie-parser-1.3.4.tgz
116 http GET https://registry.npmjs.org/cookie-parser/-/cookie-parser-1.3.4.tgz
117 http 200 https://registry.npmjs.org/cookie-parser/-/cookie-parser-1.3.4.tgz
118 silly lockFile 41263ec8-e-parser-cookie-parser-1-3-4-tgz https://registry.npmjs.org/cookie-parser/-/cookie-parser-1.3.4.tgz
119 silly lockFile 41263ec8-e-parser-cookie-parser-1-3-4-tgz https://registry.npmjs.org/cookie-parser/-/cookie-parser-1.3.4.tgz
120 silly lockFile db8a9715-cookie-parser-1-3-4 cookie-parser@1.3.4
121 silly lockFile db8a9715-cookie-parser-1-3-4 cookie-parser@1.3.4
122 silly lockFile e75c36e4-cookie-parser-1 cookie-parser@1.*
123 silly lockFile e75c36e4-cookie-parser-1 cookie-parser@1.*
124 http 200 https://registry.npmjs.org/body-parser
125 silly registry.get cb [ 200,
125 silly registry.get   { server: 'CouchDB/1.5.0 (Erlang OTP/R16B03)',
125 silly registry.get     etag: '"259CW95VUCNW4JTI90ETN04C4"',
125 silly registry.get     'content-type': 'application/json',
125 silly registry.get     'cache-control': 'max-age=60',
125 silly registry.get     'content-length': '97538',
125 silly registry.get     'accept-ranges': 'bytes',
125 silly registry.get     date: 'Tue, 19 May 2015 08:48:40 GMT',
125 silly registry.get     via: '1.1 varnish',
125 silly registry.get     age: '7',
125 silly registry.get     connection: 'keep-alive',
125 silly registry.get     'x-served-by': 'cache-sn86-SIN',
125 silly registry.get     'x-cache': 'HIT',
125 silly registry.get     'x-cache-hits': '3',
125 silly registry.get     'x-timer': 'S1432025320.585016,VS0,VE0',
125 silly registry.get     vary: 'Accept' } ]
126 silly addNameRange number 2 { name: 'body-parser',
126 silly addNameRange   range: '>=1.0.0-0 <2.0.0-0',
126 silly addNameRange   hasData: true }
127 silly addNameRange versions [ 'body-parser',
127 silly addNameRange   [ '1.0.0',
127 silly addNameRange     '1.0.1',
127 silly addNameRange     '1.0.2',
127 silly addNameRange     '1.1.0',
127 silly addNameRange     '1.1.1',
127 silly addNameRange     '1.1.2',
127 silly addNameRange     '1.2.0',
127 silly addNameRange     '1.2.1',
127 silly addNameRange     '1.2.2',
127 silly addNameRange     '1.3.0',
127 silly addNameRange     '1.3.1',
127 silly addNameRange     '1.4.0',
127 silly addNameRange     '1.4.1',
127 silly addNameRange     '1.4.2',
127 silly addNameRange     '1.4.3',
127 silly addNameRange     '1.5.0',
127 silly addNameRange     '1.5.1',
127 silly addNameRange     '1.5.2',
127 silly addNameRange     '1.6.0',
127 silly addNameRange     '1.6.1',
127 silly addNameRange     '1.6.2',
127 silly addNameRange     '1.6.3',
127 silly addNameRange     '1.6.4',
127 silly addNameRange     '1.6.5',
127 silly addNameRange     '1.6.6',
127 silly addNameRange     '1.6.7',
127 silly addNameRange     '1.7.0',
127 silly addNameRange     '1.8.0',
127 silly addNameRange     '1.8.1',
127 silly addNameRange     '1.8.2',
127 silly addNameRange     '1.8.3',
127 silly addNameRange     '1.8.4',
127 silly addNameRange     '1.9.0',
127 silly addNameRange     '1.9.1',
127 silly addNameRange     '1.9.2',
127 silly addNameRange     '1.9.3',
127 silly addNameRange     '1.10.0',
127 silly addNameRange     '1.10.1',
127 silly addNameRange     '1.10.2',
127 silly addNameRange     '1.11.0',
127 silly addNameRange     '1.12.0',
127 silly addNameRange     '1.12.1',
127 silly addNameRange     '1.12.2',
127 silly addNameRange     '1.12.3',
127 silly addNameRange     '1.12.4' ] ]
128 verbose addNamed [ 'body-parser', '1.12.4' ]
129 verbose addNamed [ '1.12.4', '1.12.4' ]
130 silly lockFile b06c8939-body-parser-1-12-4 body-parser@1.12.4
131 verbose lock body-parser@1.12.4 C:\Users\swachanga\AppData\Roaming\npm-cache\b06c8939-body-parser-1-12-4.lock
132 silly lockFile 36923138-dy-parser-body-parser-1-12-4-tgz https://registry.npmjs.org/body-parser/-/body-parser-1.12.4.tgz
133 verbose lock https://registry.npmjs.org/body-parser/-/body-parser-1.12.4.tgz C:\Users\swachanga\AppData\Roaming\npm-cache\36923138-dy-parser-body-parser-1-12-4-tgz.lock
134 verbose addRemoteTarball [ 'https://registry.npmjs.org/body-parser/-/body-parser-1.12.4.tgz',
134 verbose addRemoteTarball   '090700c4ba28862a8520ef378395fdee5f61c229' ]
135 info retry fetch attempt 1 at 11:48:48
136 verbose fetch to= C:\Users\SWACHA~1\AppData\Local\Temp\npm-6280-UuuiirzH\registry.npmjs.org\body-parser\-\body-parser-1.12.4.tgz
137 http GET https://registry.npmjs.org/body-parser/-/body-parser-1.12.4.tgz
138 http 200 https://registry.npmjs.org/mongoose
139 silly registry.get cb [ 200,
139 silly registry.get   { server: 'CouchDB/1.5.0 (Erlang OTP/R16B03)',
139 silly registry.get     etag: '"87PKKC2DT2RISYDG97FF7H4VG"',
139 silly registry.get     'content-type': 'application/json',
139 silly registry.get     'cache-control': 'max-age=60',
139 silly registry.get     'content-length': '318063',
139 silly registry.get     'accept-ranges': 'bytes',
139 silly registry.get     date: 'Tue, 19 May 2015 08:48:40 GMT',
139 silly registry.get     via: '1.1 varnish',
139 silly registry.get     age: '2',
139 silly registry.get     connection: 'keep-alive',
139 silly registry.get     'x-served-by': 'cache-sn87-SIN',
139 silly registry.get     'x-cache': 'HIT',
139 silly registry.get     'x-cache-hits': '2',
139 silly registry.get     'x-timer': 'S1432025320.633620,VS0,VE0',
139 silly registry.get     vary: 'Accept' } ]
140 silly addNameRange number 2 { name: 'mongoose', range: '>=3.8.0-0 <3.9.0-0', hasData: true }
141 silly addNameRange versions [ 'mongoose',
141 silly addNameRange   [ '0.0.1',
141 silly addNameRange     '0.0.2',
141 silly addNameRange     '0.0.3',
141 silly addNameRange     '0.0.4',
141 silly addNameRange     '0.0.5',
141 silly addNameRange     '1.0.0',
141 silly addNameRange     '1.0.1',
141 silly addNameRange     '1.0.2',
141 silly addNameRange     '0.0.6',
141 silly addNameRange     '1.0.3',
141 silly addNameRange     '1.0.4',
141 silly addNameRange     '1.0.5',
141 silly addNameRange     '1.0.6',
141 silly addNameRange     '1.0.7',
141 silly addNameRange     '1.0.8',
141 silly addNameRange     '1.0.10',
141 silly addNameRange     '1.0.11',
141 silly addNameRange     '1.0.12',
141 silly addNameRange     '1.0.13',
141 silly addNameRange     '1.0.14',
141 silly addNameRange     '1.0.15',
141 silly addNameRange     '1.0.16',
141 silly addNameRange     '1.1.0',
141 silly addNameRange     '1.1.1',
141 silly addNameRange     '1.1.2',
141 silly addNameRange     '1.1.3',
141 silly addNameRange     '1.1.4',
141 silly addNameRange     '1.1.5',
141 silly addNameRange     '1.1.6',
141 silly addNameRange     '1.1.7',
141 silly addNameRange     '1.1.8',
141 silly addNameRange     '1.1.9',
141 silly addNameRange     '1.1.10',
141 silly addNameRange     '1.1.11',
141 silly addNameRange     '1.1.12',
141 silly addNameRange     '1.1.13',
141 silly addNameRange     '1.1.14',
141 silly addNameRange     '1.1.15',
141 silly addNameRange     '1.1.16',
141 silly addNameRange     '1.1.17',
141 silly addNameRange     '1.1.18',
141 silly addNameRange     '1.1.19',
141 silly addNameRange     '1.1.20',
141 silly addNameRange     '1.1.21',
141 silly addNameRange     '1.1.22',
141 silly addNameRange     '1.1.23',
141 silly addNameRange     '1.1.24',
141 silly addNameRange     '1.1.25',
141 silly addNameRange     '1.2.0',
141 silly addNameRange     '1.3.0',
141 silly addNameRange     '1.3.1',
141 silly addNameRange     '1.3.2',
141 silly addNameRange     '1.3.3',
141 silly addNameRange     '1.3.4',
141 silly addNameRange     '1.3.5',
141 silly addNameRange     '1.3.6',
141 silly addNameRange     '1.3.7',
141 silly addNameRange     '1.4.0',
141 silly addNameRange     '1.5.0',
141 silly addNameRange     '1.6.0',
141 silly addNameRange     '1.7.2',
141 silly addNameRange     '1.7.3',
141 silly addNameRange     '1.7.4',
141 silly addNameRange     '1.8.0',
141 silly addNameRange     '1.8.1',
141 silly addNameRange     '1.8.2',
141 silly addNameRange     '1.8.3',
141 silly addNameRange     '1.8.4',
141 silly addNameRange     '2.0.0',
141 silly addNameRange     '2.0.1',
141 silly addNameRange     '2.0.2',
141 silly addNameRange     '2.0.3',
141 silly addNameRange     '2.0.4',
141 silly addNameRange     '2.1.0',
141 silly addNameRange     '2.1.1',
141 silly addNameRange     '2.1.2',
141 silly addNameRange     '2.1.3',
141 silly addNameRange     '2.1.4',
141 silly addNameRange     '2.2.0',
141 silly addNameRange     '2.2.1',
141 silly addNameRange     '2.2.2',
141 silly addNameRange     '2.2.3',
141 silly addNameRange     '2.2.4',
141 silly addNameRange     '2.3.0',
141 silly addNameRange     '2.3.1',
141 silly addNameRange     '2.3.2',
141 silly addNameRange     '2.3.3',
141 silly addNameRange     '2.3.4',
141 silly addNameRange     '2.3.5',
141 silly addNameRange     '2.3.6',
141 silly addNameRange     '2.3.7',
141 silly addNameRange     '2.3.8',
141 silly addNameRange     '2.3.9',
141 silly addNameRange     '2.3.10',
141 silly addNameRange     '2.3.11',
141 silly addNameRange     '2.3.12',
141 silly addNameRange     '2.3.13',
141 silly addNameRange     '2.4.0',
141 silly addNameRange     '2.4.1',
141 silly addNameRange     '2.4.2',
141 silly addNameRange     '2.4.3',
141 silly addNameRange     '2.4.4',
141 silly addNameRange     '2.4.5',
141 silly addNameRange     '2.4.6',
141 silly addNameRange     '2.4.7',
141 silly addNameRange     '2.4.8',
141 silly addNameRange     '2.4.9',
141 silly addNameRange     '2.4.10',
141 silly addNameRange     '2.5.0',
141 silly addNameRange     '2.5.1',
141 silly addNameRange     '2.5.2',
141 silly addNameRange     '2.5.3',
141 silly addNameRange     '2.5.4',
141 silly addNameRange     '2.5.5',
141 silly addNameRange     '2.5.6',
141 silly addNameRange     '2.5.7',
141 silly addNameRange     '2.5.8',
141 silly addNameRange     '2.5.9',
141 silly addNameRange     '2.5.10',
141 silly addNameRange     '2.5.11',
141 silly addNameRange     '2.5.12',
141 silly addNameRange     '2.5.13',
141 silly addNameRange     '2.5.14',
141 silly addNameRange     '2.6.0',
141 silly addNameRange     '2.6.1',
141 silly addNameRange     '2.6.2',
141 silly addNameRange     '2.6.3',
141 silly addNameRange     '2.6.4',
141 silly addNameRange     '2.6.5',
141 silly addNameRange     '2.6.6',
141 silly addNameRange     '2.6.7',
141 silly addNameRange     '2.6.8',
141 silly addNameRange     '2.7.0',
141 silly addNameRange     '2.7.1',
141 silly addNameRange     '2.7.2',
141 silly addNameRange     '2.7.4',
141 silly addNameRange     '2.7.3',
141 silly addNameRange     '3.0.0',
141 silly addNameRange     '3.0.1',
141 silly addNameRange     '3.0.2',
141 silly addNameRange     '2.8.0',
141 silly addNameRange     '3.0.3',
141 silly addNameRange     '3.1.0',
141 silly addNameRange     '2.8.1',
141 silly addNameRange     '3.1.1',
141 silly addNameRange     '2.8.2',
141 silly addNameRange     '2.8.3',
141 silly addNameRange     '2.9.0',
141 silly addNameRange     '3.2.0',
141 silly addNameRange     '2.9.1',
141 silly addNameRange     '3.2.1',
141 silly addNameRange     '2.9.2',
141 silly addNameRange     '3.2.2',
141 silly addNameRange     '3.3.0',
141 silly addNameRange     '3.3.1',
141 silly addNameRange     '2.9.3',
141 silly addNameRange     '3.4.0',
141 silly addNameRange     '2.9.4',
141 silly addNameRange     '2.9.5',
141 silly addNameRange     '3.5.0',
141 silly addNameRange     '3.5.1',
141 silly addNameRange     '3.5.2',
141 silly addNameRange     '3.5.3',
141 silly addNameRange     '2.9.6',
141 silly addNameRange     '2.9.7',
141 silly addNameRange     '3.5.4',
141 silly addNameRange     '3.5.5',
141 silly addNameRange     '2.9.8',
141 silly addNameRange     '2.9.9',
141 silly addNameRange     '3.5.6',
141 silly addNameRange     '3.5.7',
141 silly addNameRange     '3.5.8',
141 silly addNameRange     '2.9.10',
141 silly addNameRange     '3.5.9',
141 silly addNameRange     '3.6.2',
141 silly addNameRange     '3.5.10',
141 silly addNameRange     '3.6.3',
141 silly addNameRange     '3.5.11',
141 silly addNameRange     '3.6.4',
141 silly addNameRange     '3.6.5',
141 silly addNameRange     '3.6.6',
141 silly addNameRange     '3.6.7',
141 silly addNameRange     '3.5.12',
141 silly addNameRange     '3.6.8',
141 silly addNameRange     '3.6.9',
141 silly addNameRange     '3.6.10',
141 silly addNameRange     '3.5.13',
141 silly addNameRange     '3.5.14',
141 silly addNameRange     '3.6.11',
141 silly addNameRange     '3.6.12',
141 silly addNameRange     '3.6.13',
141 silly addNameRange     '3.6.14',
141 silly addNameRange     '3.6.15',
141 silly addNameRange     '3.5.15',
141 silly addNameRange     '3.7.0',
141 silly addNameRange     '3.6.16',
141 silly addNameRange     '3.5.16',
141 silly addNameRange     '3.6.17',
141 silly addNameRange     '3.7.2',
141 silly addNameRange     '3.0.0-alpha1',
141 silly addNameRange     '3.0.0-alpha2',
141 silly addNameRange     '3.0.0-rc0',
141 silly addNameRange     '3.6.0-rc0',
141 silly addNameRange     '3.6.0-rc1',
141 silly addNameRange     '3.6.18',
141 silly addNameRange     '3.7.3',
141 silly addNameRange     '3.6.19',
141 silly addNameRange     '3.6.20',
141 silly addNameRange     '3.7.4',
141 silly addNameRange     '3.8.0',
141 silly addNameRange     '3.8.1',
141 silly addNameRange     '3.8.2',
141 silly addNameRange     '3.8.3',
141 silly addNameRange     '3.8.4',
141 silly addNameRange     '3.8.5',
141 silly addNameRange     '3.8.6',
141 silly addNameRange     '3.8.7',
141 silly addNameRange     '3.8.8',
141 silly addNameRange     '3.8.9',
141 silly addNameRange     '3.8.10',
141 silly addNameRange     '3.8.11',
141 silly addNameRange     '3.9.0',
141 silly addNameRange     '3.8.12',
141 silly addNameRange     '3.8.13',
141 silly addNameRange     '3.8.14',
141 silly addNameRange     '3.8.15',
141 silly addNameRange     '3.9.1',
141 silly addNameRange     '3.8.16',
141 silly addNameRange     '3.9.2',
141 silly addNameRange     '3.8.17',
141 silly addNameRange     '3.9.3',
141 silly addNameRange     '3.8.18',
141 silly addNameRange     '3.9.4',
141 silly addNameRange     '3.8.19',
141 silly addNameRange     '3.9.5',
141 silly addNameRange     '3.8.20',
141 silly addNameRange     '3.9.6',
141 silly addNameRange     '3.8.21',
141 silly addNameRange     '3.9.7',
141 silly addNameRange     '3.8.22',
141 silly addNameRange     '4.0.0-rc0',
141 silly addNameRange     '4.0.0-rc1',
141 silly addNameRange     '3.8.23',
141 silly addNameRange     '4.0.0-rc2',
141 silly addNameRange     '3.8.24',
141 silly addNameRange     '4.0.0-rc3',
141 silly addNameRange     '3.8.25',
141 silly addNameRange     '4.0.0-rc4',
141 silly addNameRange     '4.0.0',
141 silly addNameRange     '4.0.1',
141 silly addNameRange     '3.8.26',
141 silly addNameRange     '3.8.27',
141 silly addNameRange     '4.0.2',
141 silly addNameRange     '3.8.28',
141 silly addNameRange     '4.0.3' ] ]
142 verbose addNamed [ 'mongoose', '3.8.28' ]
143 verbose addNamed [ '3.8.28', '3.8.28' ]
144 silly lockFile 12cea5f0-mongoose-3-8-28 mongoose@3.8.28
145 verbose lock mongoose@3.8.28 C:\Users\swachanga\AppData\Roaming\npm-cache\12cea5f0-mongoose-3-8-28.lock
146 silly lockFile 6a304b65-org-mongoose-mongoose-3-8-28-tgz https://registry.npmjs.org/mongoose/-/mongoose-3.8.28.tgz
147 verbose lock https://registry.npmjs.org/mongoose/-/mongoose-3.8.28.tgz C:\Users\swachanga\AppData\Roaming\npm-cache\6a304b65-org-mongoose-mongoose-3-8-28-tgz.lock
148 verbose addRemoteTarball [ 'https://registry.npmjs.org/mongoose/-/mongoose-3.8.28.tgz',
148 verbose addRemoteTarball   'eb719a9b8294978b49ac67d9fc856377de38c103' ]
149 info retry fetch attempt 1 at 11:48:49
150 verbose fetch to= C:\Users\SWACHA~1\AppData\Local\Temp\npm-6280-UuuiirzH\registry.npmjs.org\mongoose\-\mongoose-3.8.28.tgz
151 http GET https://registry.npmjs.org/mongoose/-/mongoose-3.8.28.tgz
152 http 200 https://registry.npmjs.org/body-parser/-/body-parser-1.12.4.tgz
153 silly lockFile 36923138-dy-parser-body-parser-1-12-4-tgz https://registry.npmjs.org/body-parser/-/body-parser-1.12.4.tgz
154 silly lockFile 36923138-dy-parser-body-parser-1-12-4-tgz https://registry.npmjs.org/body-parser/-/body-parser-1.12.4.tgz
155 silly lockFile b06c8939-body-parser-1-12-4 body-parser@1.12.4
156 silly lockFile b06c8939-body-parser-1-12-4 body-parser@1.12.4
157 silly lockFile fd476217-body-parser-1 body-parser@1.*
158 silly lockFile fd476217-body-parser-1 body-parser@1.*
159 http 200 https://registry.npmjs.org/mongoose/-/mongoose-3.8.28.tgz
160 http 200 https://registry.npmjs.org/express
161 silly registry.get cb [ 200,
161 silly registry.get   { server: 'CouchDB/1.5.0 (Erlang OTP/R16B03)',
161 silly registry.get     etag: '"940PETKSYSXARIX1OGL9UOYDX"',
161 silly registry.get     'content-type': 'application/json',
161 silly registry.get     'cache-control': 'max-age=60',
161 silly registry.get     'content-length': '499165',
161 silly registry.get     'accept-ranges': 'bytes',
161 silly registry.get     date: 'Tue, 19 May 2015 08:48:40 GMT',
161 silly registry.get     via: '1.1 varnish',
161 silly registry.get     age: '13',
161 silly registry.get     connection: 'keep-alive',
161 silly registry.get     'x-served-by': 'cache-sn86-SIN',
161 silly registry.get     'x-cache': 'HIT',
161 silly registry.get     'x-cache-hits': '6',
161 silly registry.get     'x-timer': 'S1432025320.670846,VS0,VE0',
161 silly registry.get     vary: 'Accept' } ]
162 silly addNameRange number 2 { name: 'express', range: '>=4.0.0-0 <5.0.0-0', hasData: true }
163 silly addNameRange versions [ 'express',
163 silly addNameRange   [ '0.14.0',
163 silly addNameRange     '0.14.1',
163 silly addNameRange     '1.0.0',
163 silly addNameRange     '1.0.1',
163 silly addNameRange     '1.0.2',
163 silly addNameRange     '1.0.3',
163 silly addNameRange     '1.0.4',
163 silly addNameRange     '1.0.5',
163 silly addNameRange     '1.0.6',
163 silly addNameRange     '1.0.7',
163 silly addNameRange     '1.0.8',
163 silly addNameRange     '2.0.0',
163 silly addNameRange     '2.1.0',
163 silly addNameRange     '2.1.1',
163 silly addNameRange     '2.2.0',
163 silly addNameRange     '2.2.1',
163 silly addNameRange     '2.2.2',
163 silly addNameRange     '2.3.0',
163 silly addNameRange     '2.3.1',
163 silly addNameRange     '2.3.2',
163 silly addNameRange     '2.3.3',
163 silly addNameRange     '2.3.4',
163 silly addNameRange     '2.3.5',
163 silly addNameRange     '2.3.6',
163 silly addNameRange     '2.3.7',
163 silly addNameRange     '2.3.8',
163 silly addNameRange     '2.3.9',
163 silly addNameRange     '2.3.10',
163 silly addNameRange     '2.3.11',
163 silly addNameRange     '2.3.12',
163 silly addNameRange     '2.4.0',
163 silly addNameRange     '2.4.1',
163 silly addNameRange     '2.4.2',
163 silly addNameRange     '2.4.3',
163 silly addNameRange     '2.4.4',
163 silly addNameRange     '2.4.5',
163 silly addNameRange     '2.4.6',
163 silly addNameRange     '2.4.7',
163 silly addNameRange     '2.5.0',
163 silly addNameRange     '2.5.1',
163 silly addNameRange     '2.5.2',
163 silly addNameRange     '2.5.3',
163 silly addNameRange     '2.5.4',
163 silly addNameRange     '2.5.5',
163 silly addNameRange     '2.5.6',
163 silly addNameRange     '2.5.7',
163 silly addNameRange     '2.5.8',
163 silly addNameRange     '2.5.9',
163 silly addNameRange     '2.5.10',
163 silly addNameRange     '2.5.11',
163 silly addNameRange     '3.0.0',
163 silly addNameRange     '3.0.1',
163 silly addNameRange     '3.0.2',
163 silly addNameRange     '3.0.3',
163 silly addNameRange     '3.0.4',
163 silly addNameRange     '3.0.5',
163 silly addNameRange     '3.0.6',
163 silly addNameRange     '3.1.0',
163 silly addNameRange     '3.1.1',
163 silly addNameRange     '3.1.2',
163 silly addNameRange     '3.2.0',
163 silly addNameRange     '3.2.1',
163 silly addNameRange     '3.2.2',
163 silly addNameRange     '3.2.3',
163 silly addNameRange     '3.2.4',
163 silly addNameRange     '3.2.5',
163 silly addNameRange     '3.2.6',
163 silly addNameRange     '3.3.0',
163 silly addNameRange     '3.3.1',
163 silly addNameRange     '3.3.2',
163 silly addNameRange     '3.3.3',
163 silly addNameRange     '3.3.4',
163 silly addNameRange     '3.3.5',
163 silly addNameRange     '3.3.6',
163 silly addNameRange     '1.0.0-beta',
163 silly addNameRange     '1.0.0-beta2',
163 silly addNameRange     '1.0.0-rc',
163 silly addNameRange     '1.0.0-rc2',
163 silly addNameRange     '1.0.0-rc3',
163 silly addNameRange     '1.0.0-rc4',
163 silly addNameRange     '2.0.0-beta',
163 silly addNameRange     '2.0.0-beta2',
163 silly addNameRange     '2.0.0-beta3',
163 silly addNameRange     '2.0.0-rc',
163 silly addNameRange     '2.0.0-rc2',
163 silly addNameRange     '2.0.0-rc3',
163 silly addNameRange     '3.0.0-alpha1',
163 silly addNameRange     '3.0.0-alpha2',
163 silly addNameRange     '3.0.0-alpha3',
163 silly addNameRange     '3.0.0-alpha4',
163 silly addNameRange     '3.0.0-alpha5',
163 silly addNameRange     '3.0.0-beta1',
163 silly addNameRange     '3.0.0-beta2',
163 silly addNameRange     '3.0.0-beta3',
163 silly addNameRange     '3.0.0-beta4',
163 silly addNameRange     '3.0.0-beta6',
163 silly addNameRange     '3.0.0-beta7',
163 silly addNameRange     '3.0.0-rc1',
163 silly addNameRange     '3.0.0-rc2',
163 silly addNameRange     '3.0.0-rc3',
163 silly addNameRange     '3.0.0-rc4',
163 silly addNameRange     '3.0.0-rc5',
163 silly addNameRange     '3.3.7',
163 silly addNameRange     '3.3.8',
163 silly addNameRange     '3.4.0',
163 silly addNameRange     '3.4.1',
163 silly addNameRange     '3.4.2',
163 silly addNameRange     '3.4.3',
163 silly addNameRange     '3.4.4',
163 silly addNameRange     '3.4.5',
163 silly addNameRange     '3.4.6',
163 silly addNameRange     '3.4.7',
163 silly addNameRange     '3.4.8',
163 silly addNameRange     '4.0.0-rc1',
163 silly addNameRange     '4.0.0-rc2',
163 silly addNameRange     '3.5.0',
163 silly addNameRange     '4.0.0-rc3',
163 silly addNameRange     '4.0.0-rc4',
163 silly addNameRange     '3.5.1',
163 silly addNameRange     '4.0.0',
163 silly addNameRange     '3.5.2',
163 silly addNameRange     '4.1.0',
163 silly addNameRange     '4.1.1',
163 silly addNameRange     '3.5.3',
163 silly addNameRange     '4.1.2',
163 silly addNameRange     '3.6.0',
163 silly addNameRange     '4.2.0',
163 silly addNameRange     '3.7.0',
163 silly addNameRange     '3.8.0',
163 silly addNameRange     '4.3.0',
163 silly addNameRange     '4.3.1',
163 silly addNameRange     '3.8.1',
163 silly addNameRange     '4.3.2',
163 silly addNameRange     '3.9.0',
163 silly addNameRange     '4.4.0',
163 silly addNameRange     '4.4.1',
163 silly addNameRange     '3.10.0',
163 silly addNameRange     '3.10.1',
163 silly addNameRange     '3.10.2',
163 silly addNameRange     '3.10.3',
163 silly addNameRange     '3.10.4',
163 silly addNameRange     '4.4.2',
163 silly addNameRange     '3.10.5',
163 silly addNameRange     '4.4.3',
163 silly addNameRange     '3.11.0',
163 silly addNameRange     '4.4.4',
163 silly addNameRange     '3.12.0',
163 silly addNameRange     '3.12.1',
163 silly addNameRange     '4.4.5',
163 silly addNameRange     '3.13.0',
163 silly addNameRange     '4.5.0',
163 silly addNameRange     '4.5.1',
163 silly addNameRange     '3.14.0',
163 silly addNameRange     '4.6.0',
163 silly addNameRange     '4.6.1',
163 silly addNameRange     '3.15.0',
163 silly addNameRange     '4.7.0',
163 silly addNameRange     '3.15.1',
163 silly addNameRange     '4.7.1',
163 silly addNameRange     '3.15.2',
163 silly addNameRange     '4.7.2',
163 silly addNameRange     '4.7.3',
163 silly addNameRange     '3.15.3',
163 silly addNameRange     '4.7.4',
163 silly addNameRange     '3.16.0',
163 silly addNameRange     '4.8.0',
163 silly addNameRange     '3.16.1',
163 silly addNameRange     '4.8.1',
163 silly addNameRange     '3.16.2',
163 silly addNameRange     '4.8.2',
163 silly addNameRange     '3.16.3',
163 silly addNameRange     '3.16.4',
163 silly addNameRange     '4.8.3',
163 silly addNameRange     '3.16.5',
163 silly addNameRange     '3.16.6',
163 silly addNameRange     '4.8.4',
163 silly addNameRange     '3.16.7',
163 silly addNameRange     '4.8.5',
163 silly addNameRange     '3.16.8',
163 silly addNameRange     '4.8.6',
163 silly addNameRange     '3.16.9',
163 silly addNameRange     '4.8.7',
163 silly addNameRange     '3.16.10',
163 silly addNameRange     '4.8.8',
163 silly addNameRange     '3.17.0',
163 silly addNameRange     '3.17.1',
163 silly addNameRange     '4.9.0',
163 silly addNameRange     '3.17.2',
163 silly addNameRange     '4.9.1',
163 silly addNameRange     '4.9.2',
163 silly addNameRange     '3.17.3',
163 silly addNameRange     '4.9.3',
163 silly addNameRange     '3.17.4',
163 silly addNameRange     '4.9.4',
163 silly addNameRange     '3.17.5',
163 silly addNameRange     '4.9.5',
163 silly addNameRange     '3.17.6',
163 silly addNameRange     '3.17.7',
163 silly addNameRange     '4.9.6',
163 silly addNameRange     '4.9.7',
163 silly addNameRange     '3.17.8',
163 silly addNameRange     '4.9.8',
163 silly addNameRange     '3.18.0',
163 silly addNameRange     '3.18.1',
163 silly addNameRange     '4.10.0',
163 silly addNameRange     '3.18.2',
163 silly addNameRange     '4.10.1',
163 silly addNameRange     '5.0.0-alpha.1',
163 silly addNameRange     '3.18.3',
163 silly addNameRange     '4.10.2',
163 silly addNameRange     '3.18.4',
163 silly addNameRange     '4.10.3',
163 silly addNameRange     '4.10.4',
163 silly addNameRange     '4.10.5',
163 silly addNameRange     '3.18.5',
163 silly addNameRange     '3.18.6',
163 silly addNameRange     '4.10.6',
163 silly addNameRange     '4.10.7',
163 silly addNameRange     '3.19.0',
163 silly addNameRange     '4.10.8',
163 silly addNameRange     '4.11.0',
163 silly addNameRange     '3.19.1',
163 silly addNameRange     '4.11.1',
163 silly addNameRange     '3.19.2',
163 silly addNameRange     '4.11.2',
163 silly addNameRange     '3.20.0',
163 silly addNameRange     '4.12.0',
163 silly addNameRange     '3.20.1',
163 silly addNameRange     '4.12.1',
163 silly addNameRange     '4.12.2',
163 silly addNameRange     '3.20.2',
163 silly addNameRange     '4.12.3',
163 silly addNameRange     '3.20.3',
163 silly addNameRange     '4.12.4' ] ]
164 verbose addNamed [ 'express', '4.12.4' ]
165 verbose addNamed [ '4.12.4', '4.12.4' ]
166 silly lockFile 3b813118-express-4-12-4 express@4.12.4
167 verbose lock express@4.12.4 C:\Users\swachanga\AppData\Roaming\npm-cache\3b813118-express-4-12-4.lock
168 silly lockFile 018f992a-s-org-express-express-4-12-4-tgz https://registry.npmjs.org/express/-/express-4.12.4.tgz
169 verbose lock https://registry.npmjs.org/express/-/express-4.12.4.tgz C:\Users\swachanga\AppData\Roaming\npm-cache\018f992a-s-org-express-express-4-12-4-tgz.lock
170 verbose addRemoteTarball [ 'https://registry.npmjs.org/express/-/express-4.12.4.tgz',
170 verbose addRemoteTarball   '8fec2510255bc6b2e58107c48239c0fa307c1aa2' ]
171 info retry fetch attempt 1 at 11:48:51
172 verbose fetch to= C:\Users\SWACHA~1\AppData\Local\Temp\npm-6280-UuuiirzH\registry.npmjs.org\express\-\express-4.12.4.tgz
173 http GET https://registry.npmjs.org/express/-/express-4.12.4.tgz
174 silly lockFile 6a304b65-org-mongoose-mongoose-3-8-28-tgz https://registry.npmjs.org/mongoose/-/mongoose-3.8.28.tgz
175 silly lockFile 6a304b65-org-mongoose-mongoose-3-8-28-tgz https://registry.npmjs.org/mongoose/-/mongoose-3.8.28.tgz
176 silly lockFile 12cea5f0-mongoose-3-8-28 mongoose@3.8.28
177 silly lockFile 12cea5f0-mongoose-3-8-28 mongoose@3.8.28
178 silly lockFile 104f11f4-mongoose-3-8 mongoose@3.8.*
179 silly lockFile 104f11f4-mongoose-3-8 mongoose@3.8.*
180 http 200 https://registry.npmjs.org/express/-/express-4.12.4.tgz
181 silly lockFile 018f992a-s-org-express-express-4-12-4-tgz https://registry.npmjs.org/express/-/express-4.12.4.tgz
182 silly lockFile 018f992a-s-org-express-express-4-12-4-tgz https://registry.npmjs.org/express/-/express-4.12.4.tgz
183 silly lockFile 3b813118-express-4-12-4 express@4.12.4
184 silly lockFile 3b813118-express-4-12-4 express@4.12.4
185 silly lockFile 71c8ea72-express-4 express@4.*
186 silly lockFile 71c8ea72-express-4 express@4.*
187 silly lockFile ad03ed78-jade jade@*
188 error Error: Attempt to unlock jade@*, which hasn't been locked
188 error     at unlock (C:\Program Files (x86)\nodejs\node_modules\npm\lib\utils\locker.js:44:11)
188 error     at cb (C:\Program Files (x86)\nodejs\node_modules\npm\lib\cache\add-named.js:32:5)
188 error     at C:\Program Files (x86)\nodejs\node_modules\npm\lib\cache\add-named.js:41:20
188 error     at C:\Program Files (x86)\nodejs\node_modules\npm\lib\utils\locker.js:30:7
188 error     at cb (C:\Program Files (x86)\nodejs\node_modules\npm\node_modules\lockfile\lockfile.js:149:38)
188 error     at notStale (C:\Program Files (x86)\nodejs\node_modules\npm\node_modules\lockfile\lockfile.js:247:12)
188 error     at C:\Program Files (x86)\nodejs\node_modules\npm\node_modules\lockfile\lockfile.js:210:35
188 error     at Object.oncomplete (fs.js:108:15)
189 error If you need help, you may report this *entire* log,
189 error including the npm and node versions, at:
189 error     <http://github.com/npm/npm/issues>
190 error System Windows_NT 6.2.9200
191 error command "C:\\Program Files (x86)\\nodejs\\\\node.exe" "C:\\Program Files (x86)\\nodejs\\node_modules\\npm\\bin\\npm-cli.js" "install"
192 error cwd F:\john\pcea
193 error node -v v0.10.36
194 error npm -v 1.4.28
195 verbose exit [ 1, true ]
